tensorflow/tensorflow/examples/android/gradleBuild/outputs/logs/manifest-merger-debug-report.txt
-- Merging decision tree log ---
manifest
ADDED from examples/android/AndroidManifest.xml:18:1-76:12
INJECTED from examples/android/AndroidManifest.xml:18:1-76:12
MERGED from [:tensorflow-android-1.2.0] AndroidManifest.xml:2:1-8:12
INJECTED from examples/android/AndroidManifest.xml:18:1-76:12
	package
		ADDED from examples/android/AndroidManifest.xml:19:5-34
		INJECTED from examples/android/AndroidManifest.xml
		INJECTED from examples/android/AndroidManifest.xml
	xmlns:android
		ADDED from examples/android/AndroidManifest.xml:18:11-69
uses-permission#android.permission.CAMERA
ADDED from examples/android/AndroidManifest.xml:21:5-65
	android:name
		ADDED from examples/android/AndroidManifest.xml:21:22-62
uses-feature#android.hardware.camera
ADDED from examples/android/AndroidManifest.xml:22:5-60
	android:name
		ADDED from examples/android/AndroidManifest.xml:22:19-57
uses-feature#android.hardware.camera.autofocus
ADDED from examples/android/AndroidManifest.xml:23:5-70
	android:name
		ADDED from examples/android/AndroidManifest.xml:23:19-67
uses-permission#android.permission.WRITE_EXTERNAL_STORAGE
ADDED from examples/android/AndroidManifest.xml:24:5-80
	android:name
		ADDED from examples/android/AndroidManifest.xml:24:22-78
uses-permission#android.permission.RECORD_AUDIO
ADDED from examples/android/AndroidManifest.xml:25:5-71
	android:name
		ADDED from examples/android/AndroidManifest.xml:25:22-68
application
ADDED from examples/android/AndroidManifest.xml:28:5-74:19
MERGED from [:tensorflow-android-1.2.0] AndroidManifest.xml:5:5-6:19
MERGED from [:tensorflow-android-1.2.0] AndroidManifest.xml:5:5-6:19
	android:label
		ADDED from examples/android/AndroidManifest.xml:30:9-41
	android:debuggable
		ADDED from examples/android/AndroidManifest.xml:29:9-34
	android:icon
		ADDED from examples/android/AndroidManifest.xml:31:9-45
	android:allowBackup
		ADDED from examples/android/AndroidManifest.xml:28:18-44
	android:theme
		ADDED from examples/android/AndroidManifest.xml:32:9-45
activity#org.tensorflow.demo.DetectorActivity
ADDED from examples/android/AndroidManifest.xml:44:9-52:20
	android:screenOrientation
		ADDED from examples/android/AndroidManifest.xml:45:19-55
	android:label
		ADDED from examples/android/AndroidManifest.xml:46:19-66
	android:name
		ADDED from examples/android/AndroidManifest.xml:44:19-70
intent-filter#action:name:android.intent.action.MAIN+category:name:android.intent.category.LAUNCHER+category:name:android.intent.category.LEANBACK_LAUNCHER
ADDED from examples/android/AndroidManifest.xml:47:13-51:29
action#android.intent.action.MAIN
ADDED from examples/android/AndroidManifest.xml:48:17-69
	android:name
		ADDED from examples/android/AndroidManifest.xml:48:25-66
category#android.intent.category.LAUNCHER
ADDED from examples/android/AndroidManifest.xml:49:17-77
	android:name
		ADDED from examples/android/AndroidManifest.xml:49:27-74
category#android.intent.category.LEANBACK_LAUNCHER
ADDED from examples/android/AndroidManifest.xml:50:17-86
	android:name
		ADDED from examples/android/AndroidManifest.xml:50:27-83
uses-sdk
INJECTED from examples/android/AndroidManifest.xml reason: use-sdk injection requested
INJECTED from examples/android/AndroidManifest.xml
INJECTED from examples/android/AndroidManifest.xml
INJECTED from examples/android/AndroidManifest.xml
INJECTED from examples/android/AndroidManifest.xml
	android:targetSdkVersion
		INJECTED from examples/android/AndroidManifest.xml
		ADDED from examples/android/AndroidManifest.xml
		INJECTED from examples/android/AndroidManifest.xml
	android:minSdkVersion
		INJECTED from examples/android/AndroidManifest.xml
		ADDED from examples/android/AndroidManifest.xml
		INJECTED from examples/android/AndroidManifest.xml
uses-permission#android.permission.READ_PHONE_STATE
IMPLIED from examples/android/AndroidManifest.xml:18:1-76:12 reason: tensorflow.contrib.android has a targetSdkVersion < 4
uses-permission#android.permission.READ_EXTERNAL_STORAGE
IMPLIED from examples/android/AndroidManifest.xml:18:1-76:12 reason: tensorflow.contrib.android requested WRITE_EXTERNAL_STORAGE